<?xml version="1.0" encoding="UTF-8"?>
<!-- Generated by org.testng.reporters.JUnitReportReporter -->
<testsuite hostname="neel-ThinkPad-T440p" name="com.hashedin.app.SearchOrder" tests="1" failures="0" timestamp="30 Nov 2018 11:15:05 GMT" time="1.787" errors="0">
  <testcase name="newEquirseacrhOrder" time="1.787" classname="com.hashedin.app.SearchOrder"/>
</testsuite> <!-- com.hashedin.app.SearchOrder -->
