<?xml version="1.0" encoding="UTF-8"?>
<!-- Generated by org.testng.reporters.JUnitReportReporter -->
<testsuite hostname="neel-ThinkPad-T440p" name="com.hashedin.app.PlaceOrderHubExc" tests="1" failures="0" timestamp="30 Nov 2018 11:15:05 GMT" time="25.948" errors="0">
  <testcase name="PlaceOrderHubeclPr" time="25.948" classname="com.hashedin.app.PlaceOrderHubExc"/>
</testsuite> <!-- com.hashedin.app.PlaceOrderHubExc -->
