<?xml version="1.0" encoding="UTF-8"?>
<!-- Generated by org.testng.reporters.JUnitReportReporter -->
<testsuite hostname="neel-ThinkPad-T440p" name="com.hashedin.app.PlaceOrderAcreC2C" tests="1" failures="0" timestamp="30 Nov 2018 11:15:05 GMT" time="23.221" errors="0">
  <testcase name="PlaceOrderc2cAcr" time="23.221" classname="com.hashedin.app.PlaceOrderAcreC2C"/>
</testsuite> <!-- com.hashedin.app.PlaceOrderAcreC2C -->
