<?xml version="1.0" encoding="UTF-8"?>
<!-- Generated by org.testng.reporters.JUnitReportReporter -->
<testsuite hostname="neel-ThinkPad-T440p" name="com.hashedin.app.Orderresume" tests="1" failures="0" timestamp="30 Nov 2018 11:15:05 GMT" time="6.953" errors="0">
  <testcase name="resumeOrder" time="6.953" classname="com.hashedin.app.Orderresume"/>
</testsuite> <!-- com.hashedin.app.Orderresume -->
