<?xml version="1.0" encoding="UTF-8"?>
<!-- Generated by org.testng.reporters.JUnitReportReporter -->
<testsuite hostname="neel-ThinkPad-T440p" name="com.hashedin.app.PricingHubPricing" tests="1" failures="0" timestamp="17 Dec 2018 10:26:03 GMT" time="21.415" errors="0">
  <testcase name="hubPricing" time="21.415" classname="com.hashedin.app.PricingHubPricing"/>
</testsuite> <!-- com.hashedin.app.PricingHubPricing -->
