<?xml version="1.0" encoding="UTF-8"?>
<!-- Generated by org.testng.reporters.JUnitReportReporter -->
<testsuite hostname="neel-ThinkPad-T440p" name="com.hashedin.app.PlaceOrderC2CExc" tests="1" failures="0" timestamp="30 Nov 2018 11:15:05 GMT" time="23.099" errors="0">
  <testcase name="PlaceOrderExclPrice" time="23.099" classname="com.hashedin.app.PlaceOrderC2CExc"/>
</testsuite> <!-- com.hashedin.app.PlaceOrderC2CExc -->
