<?xml version="1.0" encoding="UTF-8"?>
<!-- Generated by org.testng.reporters.JUnitReportReporter -->
<testsuite hostname="neel-ThinkPad-T440p" name="com.hashedin.app.PlaceOrdrAcreexc" tests="1" failures="0" timestamp="30 Nov 2018 11:15:05 GMT" time="25.632" errors="0">
  <testcase name="PlaceorderExclAcr" time="25.632" classname="com.hashedin.app.PlaceOrdrAcreexc"/>
</testsuite> <!-- com.hashedin.app.PlaceOrdrAcreexc -->
