<?xml version="1.0" encoding="UTF-8"?>
<!-- Generated by org.testng.reporters.JUnitReportReporter -->
<testsuite hostname="neel-ThinkPad-T440p" name="com.hashedin.app.Orders" tests="1" failures="0" timestamp="30 Nov 2018 11:15:05 GMT" time="7.371" errors="0">
  <testcase name="newEquiry" time="7.371" classname="com.hashedin.app.Orders"/>
</testsuite> <!-- com.hashedin.app.Orders -->
