<?xml version="1.0" encoding="UTF-8"?>
<!-- Generated by org.testng.reporters.JUnitReportReporter -->
<testsuite hostname="DESKTOP-BBKFOGD" name="com.hashedin.app.AppNavigation" tests="1" failures="0" timestamp="30 Oct 2018 11:46:40 GMT" time="1.945" errors="0">
  <testcase name="loginApp" time="1.945" classname="com.hashedin.app.AppNavigation"/>
</testsuite> <!-- com.hashedin.app.AppNavigation -->
