<?xml version="1.0" encoding="UTF-8"?>
<!-- Generated by org.testng.reporters.JUnitReportReporter -->
<testsuite hostname="neel-ThinkPad-T440p" name="com.hashedin.app.PlaceOrderC2C" tests="1" failures="0" timestamp="17 Dec 2018 09:04:56 GMT" time="14.581" errors="0">
  <testcase name="PlaceOrderC2CHr" time="14.581" classname="com.hashedin.app.PlaceOrderC2C"/>
</testsuite> <!-- com.hashedin.app.PlaceOrderC2C -->
