<?xml version="1.0" encoding="UTF-8"?>
<!-- Generated by org.testng.reporters.JUnitReportReporter -->
<testsuite hostname="neel-ThinkPad-T440p" name="com.hashedin.app.PlaceOrderWOP" tests="1" failures="0" timestamp="30 Nov 2018 11:15:05 GMT" time="25.947" errors="0">
  <testcase name="PlaceOrderOpe" time="25.947" classname="com.hashedin.app.PlaceOrderWOP"/>
</testsuite> <!-- com.hashedin.app.PlaceOrderWOP -->
