<?xml version="1.0" encoding="UTF-8"?>
<!-- Generated by org.testng.reporters.JUnitReportReporter -->
<testsuite hostname="neel-ThinkPad-T440p" name="com.hashedin.app.PlaceorderHub" tests="1" failures="0" timestamp="30 Nov 2018 11:15:05 GMT" time="21.582" errors="0">
  <testcase name="PlaceOrderHubFL" time="21.582" classname="com.hashedin.app.PlaceorderHub"/>
</testsuite> <!-- com.hashedin.app.PlaceorderHub -->
