<?xml version="1.0" encoding="UTF-8"?>
<!-- Generated by org.testng.reporters.JUnitReportReporter -->
<testsuite hostname="neel-ThinkPad-T440p" name="com.hashedin.app.AgentOrders" tests="1" failures="0" timestamp="30 Nov 2018 11:15:05 GMT" time="0.743" errors="0">
  <testcase name="Agent" time="0.743" classname="com.hashedin.app.AgentOrders"/>
</testsuite> <!-- com.hashedin.app.AgentOrders -->
