<?xml version="1.0" encoding="UTF-8"?>
<!-- Generated by org.testng.reporters.JUnitReportReporter -->
<testsuite hostname="neel-ThinkPad-T440p" name="com.hashedin.app.HubPriceDeletePriceSpecificImplement" tests="1" failures="0" timestamp="17 Dec 2018 10:58:58 GMT" time="14.934" errors="0">
  <testcase name="hubPricing" time="14.934" classname="com.hashedin.app.HubPriceDeletePriceSpecificImplement"/>
</testsuite> <!-- com.hashedin.app.HubPriceDeletePriceSpecificImplement -->
