<?xml version="1.0" encoding="UTF-8"?>
<!-- Generated by org.testng.reporters.JUnitReportReporter -->
<testsuite hostname="DESKTOP-BBKFOGD" name="com.hashedin.app.PlaceOrder" tests="1" failures="0" timestamp="26 Nov 2018 09:05:31 GMT" time="12.482" errors="0">
  <testcase name="newEquiry" time="12.482" classname="com.hashedin.app.PlaceOrder"/>
</testsuite> <!-- com.hashedin.app.PlaceOrder -->
