<?xml version="1.0" encoding="UTF-8"?>
<!-- Generated by org.testng.reporters.JUnitReportReporter -->
<testsuite hostname="DESKTOP-BBKFOGD" name="com.hashedin.app.AgentOrders" tests="1" failures="0" timestamp="26 Nov 2018 09:05:31 GMT" time="1.240" errors="0">
  <testcase name="Agent" time="1.240" classname="com.hashedin.app.AgentOrders"/>
</testsuite> <!-- com.hashedin.app.AgentOrders -->
